Removed Member From Class: ClassName=Sheet1 Member=K2
Removed Member From Class: ClassName=Sheet1 Member=K3
Removed Member From Class: ClassName=Sheet1 Member=K6
Removed Member From Class: ClassName=Sheet1 Member=K7
Removed Member From Class: ClassName=Sheet1 Member=K8
Change Component Designator: OldDesignator=K4 NewDesignator=K1
Add Component: Footprint Not Found 0805 LED
Add Component: Footprint Not Found GH-1C-12L
Add Pin To Net: Unknown Pin: Pin D1-1
Add Pin To Net: Unknown Pin: Pin D1-2
Add Pin To Net: Unknown Pin: Pin Rel1-2
Add Pin To Net: Unknown Pin: Pin Rel1-5
Added Pin To Net: NetName=com-Rel01 Pin=K1-1
Added Net: Name=com-Rel01
Added Pin To Net: NetName=nc-Rel01 Pin=K1-2
Added Net: Name=nc-Rel01
Added Pin To Net: NetName=no-Rel01 Pin=K1-3
Added Net: Name=no-Rel01
Add Class Member: Failed to add class member : Component D1
Added Member To Class: ClassName=Sheet1 Member=Component R2 1K
Add Class Member: Failed to add class member : Component Rel1 RelayGH-1C-12L
