Removed Pin From Net: NetName=12V Pin=D?-1
Change Component Designator: OldDesignator=D? NewDesignator=D2
Change Component Designator: OldDesignator=K? NewDesignator=K1
Change Component Designator: OldDesignator=K? NewDesignator=K2
Change Component Designator: OldDesignator=K? NewDesignator=K3
Change Component Designator: OldDesignator=K? NewDesignator=K4
Change Component Designator: OldDesignator=K? NewDesignator=K5
Change Component Designator: OldDesignator=K? NewDesignator=K6
Change Component Designator: OldDesignator=K? NewDesignator=K7
Change Component Designator: OldDesignator=K? NewDesignator=K8
Change Component Designator: OldDesignator=Q? NewDesignator=Q1
Change Component Designator: OldDesignator=R? NewDesignator=R1
Change Component Designator: OldDesignator=R? NewDesignator=R2
Add Component: Footprint Not Found 0805 LED
Add Component: Footprint Not Found GH-1C-12L
Add Pin To Net: Unknown Pin: Pin D1-1
Added Pin To Net: NetName=12V Pin=D2-2
Add Pin To Net: Unknown Pin: Pin Rel1-1
Add Pin To Net: Unknown Pin: Pin Rel1-2
Add Pin To Net: Unknown Pin: Pin Rel1-3
Add Pin To Net: Unknown Pin: Pin Rel1-4
Change Net Name : Old Net Name=NetQ?_3 New Net Name=NetQ1_3
Added Pin To Net: NetName=NetD1_2 Pin=R1-2
Added Net: Name=NetD1_2
Added Pin To Net: NetName=NetD2_1 Pin=D2-1
Added Pin To Net: NetName=NetD2_1 Pin=Q1-2
Added Pin To Net: NetName=NetD2_1 Pin=R1-1
Added Net: Name=NetD2_1
Add Class Member: Failed to add class member : Component D1
Added Member To Class: ClassName=Sheet1 Member=Component K2 RELAY_SPDT
Added Member To Class: ClassName=Sheet1 Member=Component K3 RELAY_SPDT
Added Member To Class: ClassName=Sheet1 Member=Component K4 RELAY_SPDT
Added Member To Class: ClassName=Sheet1 Member=Component K5 RELAY_SPDT
Added Member To Class: ClassName=Sheet1 Member=Component K6 RELAY_SPDT
Added Member To Class: ClassName=Sheet1 Member=Component K7 RELAY_SPDT
Added Member To Class: ClassName=Sheet1 Member=Component K8 RELAY_SPDT
Added Member To Class: ClassName=Sheet1 Member=Component R1 2.2K
Add Class Member: Failed to add class member : Component Rel1 RelayGH-1C-12L
